
2024-05-25 11:13:04,831 - LOG - INFO - Has entrado a la pagina para crear un empleado
2024-05-25 11:13:13,517 - LOG - INFO - Has entrado a la pagina para crear un empleado
2024-05-25 11:13:22,294 - LOG - INFO - Has entrado a la pagina para crear un empleado
2024-05-25 11:13:29,535 - LOG - INFO - Nuevo empleado creado con el nombre "werwerwe".
2024-05-25 11:13:31,625 - LOG - INFO - Has entrado a la pagina para modificar "werwerwe".
2024-05-25 11:13:35,312 - LOG - INFO - Modificacion exitosa del empleado "werwerwe21212".
2024-05-26 12:27:27,680 - LOG - INFO - Has entrado a la pagina para crear un equipo
2024-05-26 12:39:53,891 - LOG - INFO - Has entrado a la pagina para crear un equipo
2024-05-26 12:40:06,019 - LOG - WARNING - Error al crear el equipo con modelo: "a".
2024-05-26 12:40:15,299 - LOG - WARNING - Error al crear el equipo con modelo: "a".
2024-05-26 12:44:16,026 - LOG - WARNING - Error al crear el equipo con modelo: "a".
2024-05-26 12:44:17,588 - LOG - WARNING - Error al crear el equipo con modelo: "a".
2024-05-26 12:44:18,078 - LOG - WARNING - Error al crear el equipo con modelo: "a".
2024-05-26 12:44:24,913 - LOG - INFO - Has entrado a la pagina para crear un equipo
2024-05-26 12:45:12,322 - LOG - INFO - Has entrado a la pagina para crear un equipo
2024-05-26 12:45:43,498 - LOG - INFO - Has entrado a la pagina para crear un equipo
2024-05-26 21:15:16,535 - LOG - INFO - Has entrado a la pagina para crear un equipo
2024-05-26 21:19:05,245 - LOG - INFO - Has entrado a la pagina para crear un equipo
2024-05-26 21:31:07,267 - LOG - WARNING - Error al crear el equipo con modelo: "re".
2024-05-26 21:31:28,760 - LOG - INFO - Nuevo equipo creado cuyo modelo es "re".
2024-05-26 21:31:58,680 - LOG - INFO - Has entrado a la pagina para crear un equipo
2024-05-26 21:32:17,445 - LOG - INFO - Has entrado a la pagina para crear un equipo
2024-05-26 21:32:17,785 - LOG - INFO - Has entrado a la pagina para crear un equipo
2024-05-26 21:32:18,391 - LOG - INFO - Has entrado a la pagina para crear un equipo
2024-05-26 21:32:56,092 - LOG - INFO - Has entrado a la pagina para crear un equipo
2024-05-26 21:32:56,870 - LOG - INFO - Has entrado a la pagina para crear un equipo
2024-05-26 21:32:57,190 - LOG - INFO - Has entrado a la pagina para crear un equipo
2024-05-26 21:32:57,614 - LOG - INFO - Has entrado a la pagina para crear un equipo
2024-05-26 21:32:57,912 - LOG - INFO - Has entrado a la pagina para crear un equipo
2024-05-26 21:32:58,094 - LOG - INFO - Has entrado a la pagina para crear un equipo
2024-05-26 21:33:02,226 - LOG - INFO - Has entrado a la pagina para crear un equipo
2024-05-26 21:35:01,541 - LOG - INFO - Has entrado a la pagina para crear un equipo
2024-05-26 21:35:02,312 - LOG - INFO - Has entrado a la pagina para crear un equipo
2024-05-26 21:35:02,540 - LOG - INFO - Has entrado a la pagina para crear un equipo
2024-05-26 21:35:02,759 - LOG - INFO - Has entrado a la pagina para crear un equipo
2024-05-26 21:35:02,956 - LOG - INFO - Has entrado a la pagina para crear un equipo
2024-05-26 21:35:03,172 - LOG - INFO - Has entrado a la pagina para crear un equipo
2024-05-26 21:35:03,416 - LOG - INFO - Has entrado a la pagina para crear un equipo
2024-05-26 21:36:01,079 - LOG - INFO - Nuevo equipo creado cuyo modelo es "tr".
2024-05-26 21:36:23,271 - LOG - INFO - Has entrado a la pagina para crear un equipo
2024-05-26 21:36:42,528 - LOG - INFO - Has entrado a la pagina para crear un equipo
2024-05-26 21:38:27,043 - LOG - INFO - Has entrado a la pagina para crear un equipo
2024-05-26 21:43:40,597 - LOG - INFO - Has entrado a la pagina para crear un equipo
2024-05-26 21:43:41,438 - LOG - INFO - Has entrado a la pagina para crear un equipo
2024-05-26 21:44:51,298 - LOG - INFO - Has entrado a la pagina para crear un equipo
2024-05-26 21:44:59,932 - LOG - INFO - Has entrado a la pagina para crear un equipo
2024-05-26 21:46:31,833 - LOG - INFO - Has entrado a la pagina para crear un equipo
2024-05-26 21:47:49,889 - LOG - INFO - Has entrado a la pagina para crear un equipo
2024-05-26 21:50:14,243 - LOG - INFO - Has entrado a la pagina para crear un equipo
2024-05-26 21:50:51,073 - LOG - INFO - Has entrado a la pagina para crear un equipo
2024-05-26 21:55:03,371 - LOG - INFO - Has entrado a la pagina para crear un equipo
2024-05-26 21:55:04,672 - LOG - INFO - Has entrado a la pagina para crear un equipo
2024-05-26 21:57:27,394 - LOG - INFO - Has entrado a la pagina para crear un equipo
2024-05-26 22:02:16,393 - LOG - INFO - Has entrado a la pagina para crear un equipo
2024-05-26 22:02:29,554 - LOG - INFO - Has entrado a la pagina para crear un equipo
2024-05-26 22:03:14,918 - LOG - INFO - Has entrado a la pagina para crear un equipo
2024-05-26 22:04:15,764 - LOG - INFO - Has entrado a la pagina para crear un equipo
2024-05-26 22:04:59,406 - LOG - INFO - Has entrado a la pagina para crear un equipo
2024-05-26 22:05:13,199 - LOG - INFO - Has entrado a la pagina para crear un equipo
2024-05-26 22:06:02,418 - LOG - INFO - Has entrado a la pagina para crear un equipo
2024-05-26 22:07:03,867 - LOG - INFO - Has entrado a la pagina para crear un equipo
2024-05-26 22:09:52,912 - LOG - INFO - Has entrado a la pagina para crear un equipo
2024-05-26 22:10:19,938 - LOG - INFO - Has entrado a la pagina para crear un equipo
2024-05-26 22:10:33,218 - LOG - INFO - Has entrado a la pagina para crear un equipo
2024-05-26 22:11:24,055 - LOG - INFO - Has entrado a la pagina para crear un equipo
2024-05-26 22:11:24,327 - LOG - INFO - Has entrado a la pagina para crear un equipo
2024-05-26 22:11:53,904 - LOG - INFO - Has entrado a la pagina para crear un equipo
2024-05-26 22:12:27,536 - LOG - INFO - Has entrado a la pagina para crear un equipo
2024-05-26 22:12:44,054 - LOG - INFO - Has entrado a la pagina para crear un equipo
2024-05-26 22:12:47,046 - LOG - INFO - Has entrado a la pagina para crear un equipo
2024-05-26 22:12:47,253 - LOG - INFO - Has entrado a la pagina para crear un equipo
2024-05-26 22:12:53,985 - LOG - INFO - Has entrado a la pagina para crear un equipo
2024-05-26 22:13:06,257 - LOG - INFO - Has entrado a la pagina para crear un equipo
2024-05-26 22:13:31,535 - LOG - INFO - Has entrado a la pagina para crear un equipo
2024-05-26 22:14:56,687 - LOG - INFO - Has entrado a la pagina para crear un equipo
2024-05-26 22:15:51,726 - LOG - INFO - Has entrado a la pagina para crear un equipo
2024-05-26 22:16:47,184 - LOG - INFO - Has entrado a la pagina para crear un equipo
2024-05-26 22:19:27,679 - LOG - INFO - Has entrado a la pagina para crear un equipo
2024-05-26 22:25:38,565 - LOG - INFO - Has entrado a la pagina para crear un equipo
2024-05-26 22:26:04,846 - LOG - INFO - Nuevo equipo creado cuyo modelo es "hg".
2024-05-26 22:27:50,955 - LOG - INFO - Has entrado a la pagina para crear un equipo
2024-05-26 22:28:03,386 - LOG - WARNING - Error al crear el equipo con modelo: "hg".
2024-05-26 22:28:12,238 - LOG - INFO - Nuevo equipo creado cuyo modelo es "h".
2024-05-26 22:42:18,687 - LOG - INFO - Has entrado a la pagina para crear un equipo
2024-05-26 22:42:37,981 - LOG - INFO - Nuevo equipo creado cuyo modelo es "sd".
2024-05-26 22:42:43,503 - LOG - INFO - Has entrado a la pagina para crear un equipo
2024-05-26 22:44:14,196 - LOG - INFO - Has entrado a la pagina para crear un equipo
2024-05-26 22:44:46,317 - LOG - INFO - Nuevo equipo creado cuyo modelo es "asggvy".
2024-05-26 22:49:39,062 - LOG - INFO - Has entrado a la pagina para crear un equipo
2024-05-26 22:50:10,894 - LOG - INFO - Nuevo equipo creado cuyo modelo es "sdasdas".
2024-05-26 22:55:55,389 - LOG - INFO - Has entrado a la pagina para crear un empleado
2024-05-26 22:57:41,615 - LOG - INFO - Has entrado a la pagina para crear un empleado
2024-05-26 22:58:05,055 - LOG - INFO - Has entrado a la pagina para crear un equipo
2024-05-26 22:58:54,622 - LOG - INFO - Has entrado a la pagina para crear un empleado
2024-05-26 22:59:42,324 - LOG - INFO - Has entrado a la pagina para crear un empleado
2024-05-26 23:00:24,178 - LOG - INFO - Has entrado a la pagina para crear un empleado
2024-05-26 23:08:35,353 - LOG - INFO - Has entrado a la pagina para crear un empleado
2024-05-26 23:09:41,423 - LOG - INFO - Has entrado a la pagina para crear un equipo
2024-05-26 23:10:00,436 - LOG - INFO - Has entrado a la pagina para crear un equipo
2024-05-26 23:10:09,352 - LOG - INFO - Has entrado a la pagina para crear un empleado
2024-05-26 23:10:33,062 - LOG - INFO - Has entrado a la pagina para crear un empleado
2024-05-26 23:10:34,384 - LOG - INFO - Has entrado a la pagina para crear un empleado
2024-05-26 23:11:08,217 - LOG - INFO - Has entrado a la pagina para crear un empleado
2024-05-26 23:11:34,936 - LOG - INFO - Has entrado a la pagina para crear un empleado
2024-05-26 23:11:56,651 - LOG - INFO - Has entrado a la pagina para crear un empleado
2024-05-26 23:12:18,404 - LOG - INFO - Nuevo empleado creado con el nombre "DFSDF".
2024-05-26 23:12:20,140 - LOG - INFO - Has entrado a la pagina para crear un empleado
2024-05-26 23:12:26,130 - LOG - INFO - Nuevo empleado creado con el nombre "SDFSDF".
2024-05-26 23:12:43,810 - LOG - INFO - Has entrado a la pagina para crear un empleado
2024-05-26 23:13:22,721 - LOG - INFO - Nuevo empleado creado con el nombre "DFGDFG".
2024-05-26 23:19:51,410 - LOG - INFO - Has entrado a la pagina para crear un empleado
2024-05-26 23:20:33,110 - LOG - WARNING - Error al crear el empleado: "sfsdf".
2024-05-26 23:20:45,554 - LOG - INFO - Nuevo empleado creado con el nombre "sfsdf".
2024-05-27 09:59:20,518 - LOG - INFO - Has entrado a la pagina para crear un equipo
2024-05-27 10:01:36,729 - LOG - INFO - Has entrado a la pagina para crear un proceso
2024-05-27 10:01:58,569 - LOG - INFO - Has entrado a la pagina para crear una orden
2024-05-27 10:09:25,176 - LOG - INFO - Has entrado a la pagina para crear un proceso
2024-05-27 10:09:39,513 - LOG - INFO - Has entrado a la pagina para crear una orden
2024-05-27 10:09:42,588 - LOG - INFO - Has entrado a la pagina para crear un equipo
2024-05-27 10:10:32,431 - LOG - INFO - Has entrado a la pagina para crear un proceso
2024-05-27 11:02:23,916 - LOG - INFO - Has entrado a la pagina para crear un proceso
2024-05-27 11:03:09,060 - LOG - INFO - Has entrado a la pagina para crear un proceso
2024-05-27 11:04:14,070 - LOG - INFO - Has entrado a la pagina para crear un proceso
2024-05-27 11:04:18,355 - LOG - INFO - Has entrado a la pagina para crear un proceso
2024-05-27 11:04:18,688 - LOG - INFO - Has entrado a la pagina para crear un proceso
2024-05-27 11:05:15,832 - LOG - INFO - Has entrado a la pagina para crear un proceso
2024-05-27 11:07:14,988 - LOG - INFO - Has entrado a la pagina para crear un proceso
2024-05-27 11:07:24,142 - LOG - INFO - Has entrado a la pagina para crear un proceso
2024-05-27 11:12:23,786 - LOG - INFO - Has entrado a la pagina para crear un proceso
2024-05-27 11:12:31,194 - LOG - INFO - Has entrado a la pagina para crear un equipo
